[2020-11-02 16:58:50] START
[2020-11-02 17:00:49] EDIT ridecare/views/layout.html: -56
[2020-11-02 17:02:15] EDIT ridecare/views/layout.html: -2
[2020-11-02 17:02:19] EDIT ridecare/views/layout.html: 2
[2020-11-02 17:02:30] EDIT ridecare/views/default/index.html: 0
[2020-11-02 17:03:22] EDIT ridecare/views/default/index.html: 0
[2020-11-02 17:04:01] EDIT ridecare/views/default/index.html: 0
[2020-11-02 17:04:37] EDIT ridecare/views/default/index.html: -1
[2020-11-02 17:04:53] EDIT ridecare/views/default/index.html: 1
[2020-11-02 17:05:16] EDIT ridecare/views/default/index.html: 0
[2020-11-02 17:05:39] EDIT ridecare/views/default/index.html: 0
[2020-11-02 17:06:17] EDIT ridecare/views/default/index.html: 1
[2020-11-02 17:06:52] EDIT ridecare/views/default/index.html: -6
[2020-11-02 17:06:55] EDIT ridecare/views/default/index.html: 0
[2020-11-02 17:07:06] EDIT ridecare/views/default/index.html: -6
[2020-11-02 17:07:29] EDIT ridecare/controllers/default.py: 0
[2020-11-02 17:07:30] EDIT ridecare/controllers/default.py: 0
[2020-11-02 17:07:42] EDIT ridecare/controllers/default.py: 0
[2020-11-02 17:10:33] EDIT ridecare/models/db.py: 4
[2020-11-02 17:10:41] EDIT ridecare/models/db.py: 0
[2020-11-02 17:10:45] EDIT ridecare/models/db.py: 0
[2020-11-02 17:10:57] EDIT ridecare/models/db.py: 2
[2020-11-02 17:11:00] EDIT ridecare/models/db.py: 0
[2020-11-02 17:11:15] EDIT ridecare/controllers/default.py: 0
[2020-11-02 17:11:20] EDIT ridecare/controllers/default.py: 0
[2020-11-02 17:11:30] EDIT ridecare/models/db.py: -6
[2020-11-02 17:11:42] EDIT ridecare/models/db.py: 6
[2020-11-02 17:12:05] EDIT ridecare/models/db.py: 0
[2020-11-02 17:12:09] EDIT ridecare/models/db.py: 0
[2020-11-02 17:12:16] EDIT ridecare/models/db.py: 0
[2020-11-02 17:12:32] EDIT ridecare/views/default/index.html: 1
[2020-11-02 17:14:29] EDIT ridecare/views/default/index.html: 7
[2020-11-02 17:14:43] EDIT ridecare/views/default/index.html: -1
[2020-11-02 17:36:46] EDIT ridecare/controllers/default.py: 5
[2020-11-02 17:36:56] EDIT ridecare/controllers/default.py: 0
[2020-11-02 17:37:27] EDIT ridecare/controllers/default.py: 0
[2020-11-02 17:37:59] EDIT ridecare/controllers/default.py: 1
[2020-11-02 17:38:05] EDIT ridecare/controllers/default.py: 0
[2020-11-02 17:38:06] EDIT ridecare/controllers/default.py: 0
[2020-11-02 17:39:16] EDIT ridecare/controllers/default.py: 11
[2020-11-02 17:41:50] EDIT ridecare/controllers/default.py: 8
[2020-11-02 17:41:51] EDIT ridecare/controllers/default.py: 0
[2020-11-02 17:42:06] EDIT ridecare/controllers/default.py: 0
[2020-11-02 17:42:12] EDIT ridecare/controllers/default.py: 0
[2020-11-02 17:42:58] EDIT ridecare/controllers/default.py: 0
[2020-11-02 17:43:00] EDIT ridecare/controllers/default.py: 0
[2020-11-02 17:43:00] EDIT ridecare/controllers/default.py: 0
[2020-11-02 17:43:24] EDIT ridecare/controllers/default.py: 0
[2020-11-02 17:43:40] EDIT ridecare/controllers/default.py: 0
[2020-11-02 19:28:26] EDIT ridecare/models/db.py: 0
[2020-11-02 19:28:34] EDIT ridecare/models/db.py: 0
[2020-11-02 19:28:51] EDIT ridecare/controllers/default.py: 1
[2020-11-02 19:28:52] EDIT ridecare/controllers/default.py: 0
[2020-11-02 19:29:38] EDIT ridecare/controllers/default.py: -1
[2020-11-02 19:43:21] EDIT ridecare/models/db.py: 0
[2020-11-02 19:49:39] EDIT ridecare/models/db.py: 0
[2020-11-02 21:56:41] EDIT ridecare/controllers/default.py: 0
[2020-11-02 21:56:43] EDIT ridecare/controllers/default.py: 0
[2020-11-02 21:56:55] EDIT ridecare/controllers/default.py: 2
[2020-11-02 21:57:01] EDIT ridecare/controllers/default.py: 0
[2020-11-02 21:57:34] EDIT ridecare/views/default/index.html: 0
[2020-11-02 21:57:41] EDIT ridecare/views/default/index.html: 1
[2020-11-02 21:58:45] EDIT ridecare/views/default/index.html: 0
[2020-11-02 22:01:05] EDIT ridecare/controllers/default.py: 0
[2020-11-02 22:01:14] EDIT ridecare/controllers/default.py: 0
[2020-11-02 22:01:23] EDIT ridecare/controllers/default.py: 0
[2020-11-02 22:01:25] EDIT ridecare/controllers/default.py: 0
[2020-11-02 22:01:34] EDIT ridecare/controllers/default.py: 0
[2020-11-02 22:02:11] EDIT ridecare/views/default/index.html: 1
[2020-11-02 22:02:22] EDIT ridecare/views/default/index.html: 0
[2020-11-02 22:02:28] EDIT ridecare/views/default/index.html: 0
[2020-11-02 22:03:11] EDIT ridecare/controllers/default.py: 0
[2020-11-02 22:03:14] EDIT ridecare/controllers/default.py: 0
[2020-11-02 22:03:29] EDIT ridecare/views/default/index.html: 0
[2020-11-02 22:03:49] EDIT ridecare/controllers/default.py: 1
[2020-11-02 22:03:52] EDIT ridecare/controllers/default.py: 0
[2020-11-02 22:05:24] EDIT ridecare/controllers/default.py: 1
[2020-11-02 22:07:51] EDIT ridecare/controllers/default.py: 2
[2020-11-02 22:08:27] EDIT ridecare/controllers/default.py: 0
[2020-11-02 22:08:45] EDIT ridecare/controllers/default.py: 0
[2020-11-02 22:09:48] EDIT ridecare/controllers/default.py: 0
[2020-11-02 22:09:49] EDIT ridecare/controllers/default.py: 0
[2020-11-02 22:09:55] EDIT ridecare/views/default/index.html: 0
[2020-11-02 22:10:26] EDIT ridecare/controllers/default.py: 1
[2020-11-02 22:10:41] EDIT ridecare/controllers/default.py: -1
[2020-11-02 22:12:22] EDIT ridecare/controllers/default.py: 1
[2020-11-02 22:12:53] EDIT ridecare/controllers/default.py: -3
[2020-11-02 22:12:54] EDIT ridecare/controllers/default.py: 0
[2020-11-02 22:13:36] EDIT ridecare/controllers/default.py: -2
[2020-11-02 22:14:15] EDIT ridecare/controllers/default.py: 0
[2020-11-02 22:15:06] EDIT ridecare/controllers/default.py: -31
[2020-11-02 22:15:24] EDIT ridecare/views/default/index.html: 0
[2020-11-02 22:15:25] EDIT ridecare/views/default/index.html: 0
[2020-11-02 22:15:35] EDIT ridecare/views/default/index.html: 0
[2020-11-02 22:16:19] EDIT ridecare/controllers/default.py: 0
[2020-11-02 22:16:31] EDIT ridecare/controllers/default.py: 0
[2020-11-02 22:16:52] EDIT ridecare/views/default/index.html: 0
[2020-11-02 22:16:54] EDIT ridecare/views/default/index.html: 0
[2020-11-02 22:17:02] EDIT ridecare/views/default/index.html: 0
[2020-11-02 22:17:22] EDIT ridecare/controllers/default.py: 0
[2020-11-02 22:17:33] EDIT ridecare/controllers/default.py: 0
[2020-11-02 22:18:23] EDIT ridecare/controllers/default.py: 0
[2020-11-02 22:18:37] EDIT ridecare/controllers/default.py: 0
[2020-11-02 22:18:50] EDIT ridecare/views/default/index.html: 0
[2020-11-02 22:18:52] EDIT ridecare/controllers/default.py: 0
[2020-11-02 22:19:01] EDIT ridecare/controllers/default.py: 0
[2020-11-02 22:19:06] EDIT ridecare/controllers/default.py: 0
[2020-11-02 22:19:26] EDIT ridecare/controllers/default.py: 0
[2020-11-02 22:22:11] EDIT ridecare/models/db.py: 0
[2020-11-02 22:22:40] CREATE sensor1.py: 0
[2020-11-02 22:23:02] EDIT ridecare/models/db.py: -6
[2020-11-02 22:23:04] EDIT ridecare/models/sensor1.py: 6
[2020-11-02 22:23:55] EDIT ridecare/views/default/index.html: -20
[2020-11-03 00:21:16] EDIT ridecare/controllers/default.py: 0
[2020-11-03 00:21:35] EDIT ridecare/controllers/default.py: 0
[2020-11-03 00:22:21] EDIT ridecare/views/default/index.html: 0
[2020-11-03 00:22:33] EDIT ridecare/views/default/index.html: 0
[2020-11-11 20:10:22] CREATE sensor1.load: 0
[2020-11-11 20:11:08] EDIT ridecare/views/sensor1.load: -19
[2020-11-11 20:12:05] DELETE ridecare/views/sensor1.load: -1
[2020-11-11 20:12:15] CREATE index.load: 0
[2020-11-11 20:12:20] EDIT ridecare/views/index.load: -19
[2020-11-11 20:12:29] EDIT ridecare/views/default/index.html: 0
[2020-11-11 20:13:29] EDIT ridecare/views/default/index.html: 1
[2020-11-11 20:13:45] DELETE ridecare/views/index.load: -1
[2020-11-11 20:13:53] CREATE default/index.load: 0
[2020-11-11 20:14:10] EDIT ridecare/views/default/index.load: -19
[2020-11-11 20:18:07] EDIT ridecare/views/default/index.load: 2
[2020-11-11 20:18:14] EDIT ridecare/views/default/index.html: -2
[2020-11-11 20:18:25] EDIT ridecare/views/default/index.html: 0
[2020-11-11 20:18:57] EDIT ridecare/views/default/index.load: 0
[2020-11-11 20:19:11] EDIT ridecare/views/default/index.load: 0
[2020-11-11 20:19:13] EDIT ridecare/views/default/index.load: 0
[2020-11-11 20:19:38] EDIT ridecare/views/default/index.load: 0
[2020-11-11 20:19:44] EDIT ridecare/views/default/index.html: 0
[2020-11-11 20:20:58] EDIT ridecare/views/default/index.load: 0
[2020-11-11 20:20:59] EDIT ridecare/views/default/index.load: 0
[2020-11-11 20:21:06] EDIT ridecare/views/default/index.load: 0
[2020-11-11 20:21:17] EDIT ridecare/controllers/default.py: 1
[2020-11-11 20:22:41] EDIT ridecare/views/default/index.html: 0
[2020-11-11 20:23:52] EDIT ridecare/views/default/index.html: 0
[2020-11-14 19:11:09] EDIT ridecare/models/sensor1.py: 2
[2020-11-15 17:35:01] CREATE sensor2.py: 0
[2020-11-15 17:35:28] EDIT ridecare/models/sensor2.py: 8
[2020-11-15 18:05:13] EDIT ridecare/models/sensor2.py: 2
[2020-11-15 18:06:20] EDIT ridecare/models/sensor2.py: 0
[2020-11-15 18:06:34] EDIT ridecare/models/sensor2.py: 0
[2020-11-15 18:06:47] EDIT ridecare/models/sensor2.py: 0
[2020-11-15 18:07:35] EDIT ridecare/controllers/default.py: 0
[2020-11-15 18:08:21] EDIT ridecare/controllers/default.py: 3
[2020-11-15 18:08:26] EDIT ridecare/controllers/default.py: 0
[2020-11-15 18:08:45] EDIT ridecare/controllers/default.py: 0
[2020-11-15 18:08:46] EDIT ridecare/controllers/default.py: 0
[2020-11-15 18:08:49] EDIT ridecare/controllers/default.py: 0
[2020-11-15 21:01:24] EDIT ridecare/models/sensor1.py: -1
[2020-11-15 21:03:56] EDIT ridecare/views/default/index.html: -1
[2020-11-15 21:06:00] EDIT ridecare/views/default/index.load: 0
[2020-11-15 21:06:11] EDIT ridecare/views/default/index.load: 1
[2020-11-15 21:06:22] EDIT ridecare/views/default/index.load: 0
[2020-11-15 21:06:59] EDIT ridecare/views/default/index.load: 0
[2020-11-15 21:07:51] EDIT ridecare/views/default/index.html: -1
[2020-11-15 21:07:53] EDIT ridecare/views/default/index.html: 0
[2020-11-15 21:08:15] EDIT ridecare/views/default/index.html: -1
[2020-11-15 21:08:59] EDIT ridecare/views/default/index.load: 0
[2020-11-15 21:10:09] EDIT ridecare/views/default/index.load: 0
[2020-11-15 21:10:34] EDIT ridecare/views/default/index.load: 0
[2020-11-15 21:10:35] EDIT ridecare/views/default/index.load: 0
[2020-11-15 21:10:39] EDIT ridecare/views/default/index.load: 0
[2020-11-15 21:11:16] EDIT ridecare/controllers/default.py: 0
[2020-11-15 21:11:17] EDIT ridecare/controllers/default.py: 0
[2020-11-15 21:11:23] EDIT ridecare/controllers/default.py: 0
[2020-11-15 21:11:24] EDIT ridecare/controllers/default.py: 0
[2020-11-15 21:11:52] EDIT ridecare/controllers/default.py: 0
[2020-11-15 21:13:16] EDIT ridecare/controllers/default.py: 3
[2020-11-15 21:13:42] EDIT ridecare/controllers/default.py: 0
[2020-11-15 21:13:49] EDIT ridecare/controllers/default.py: 0
[2020-11-15 21:13:51] EDIT ridecare/controllers/default.py: 0
[2020-11-15 21:14:11] EDIT ridecare/controllers/default.py: 1
[2020-11-15 21:14:42] EDIT ridecare/controllers/default.py: 0
[2020-11-15 21:15:25] EDIT ridecare/views/default/index.html: 0
[2020-11-15 21:15:30] EDIT ridecare/views/default/index.html: 0
[2020-11-15 21:15:34] EDIT ridecare/views/default/index.html: 0
[2020-11-15 21:16:13] EDIT ridecare/controllers/default.py: 0
[2020-11-15 21:19:52] EDIT ridecare/controllers/default.py: 1
[2020-11-15 21:20:05] EDIT ridecare/controllers/default.py: 0
[2020-11-15 21:20:15] EDIT ridecare/controllers/default.py: 0
[2020-11-15 21:20:28] EDIT ridecare/controllers/default.py: 0
[2020-11-15 21:20:31] EDIT ridecare/controllers/default.py: 0
[2020-11-15 21:21:22] EDIT ridecare/controllers/default.py: 0
[2020-11-15 21:21:23] EDIT ridecare/controllers/default.py: 0
[2020-11-15 21:21:35] EDIT ridecare/controllers/default.py: 0
[2020-11-15 21:21:51] EDIT ridecare/controllers/default.py: 0
[2020-11-15 21:22:01] EDIT ridecare/controllers/default.py: 0
[2020-11-15 21:22:06] EDIT ridecare/controllers/default.py: 0
[2020-11-15 21:22:25] EDIT ridecare/controllers/default.py: 0
[2020-11-15 21:22:46] EDIT ridecare/controllers/default.py: 0
[2020-11-15 21:23:23] EDIT ridecare/controllers/default.py: 1
[2020-11-15 21:23:35] EDIT ridecare/controllers/default.py: 0
[2020-11-15 21:23:38] EDIT ridecare/controllers/default.py: 0
[2020-11-15 21:23:40] EDIT ridecare/controllers/default.py: 0
[2020-11-15 21:23:54] EDIT ridecare/controllers/default.py: 0
[2020-11-15 21:24:44] EDIT ridecare/views/default/index.html: 0
[2020-11-15 21:24:54] EDIT ridecare/views/default/index.html: 0
[2020-11-15 21:25:44] EDIT ridecare/views/default/index.html: 4
[2020-11-15 21:25:52] EDIT ridecare/views/default/index.html: 0
[2020-11-15 21:25:53] EDIT ridecare/views/default/index.html: 0
[2020-11-15 21:26:05] EDIT ridecare/controllers/default.py: -2
[2020-11-15 21:26:07] EDIT ridecare/controllers/default.py: 0
[2020-11-15 21:26:24] EDIT ridecare/controllers/default.py: 0
[2020-11-15 21:27:13] EDIT ridecare/views/default/index.html: 0
[2020-11-15 21:27:18] EDIT ridecare/views/default/index.html: 0
[2020-11-15 21:27:19] EDIT ridecare/views/default/index.html: 0
[2020-11-15 21:27:50] EDIT ridecare/controllers/default.py: 1
[2020-11-15 21:27:57] EDIT ridecare/controllers/default.py: 0
[2020-11-15 21:28:07] EDIT ridecare/views/default/index.html: 0
[2020-11-15 21:28:35] CREATE sensor1.load: 0
[2020-11-15 21:28:49] EDIT ridecare/views/sensor1.load: -16
[2020-11-15 21:29:08] EDIT ridecare/views/default/index.html: 0
[2020-11-15 21:30:07] EDIT ridecare/controllers/default.py: 8
[2020-11-15 21:30:08] EDIT ridecare/controllers/default.py: 0
[2020-11-15 21:30:46] EDIT ridecare/controllers/default.py: 1
[2020-11-15 21:30:54] EDIT ridecare/controllers/default.py: 0
[2020-11-15 21:32:06] CREATE default/sensor1.load: 0
[2020-11-15 21:32:23] EDIT ridecare/views/default/sensor1.load: -16
[2020-11-15 21:32:24] EDIT ridecare/views/default/sensor1.load: 0
[2020-11-15 21:32:50] CREATE default/sensor2.load: 0
[2020-11-15 21:32:59] EDIT ridecare/views/default/sensor2.load: -16
[2020-11-15 21:33:05] EDIT ridecare/controllers/default.py: 0
[2020-11-15 21:33:54] EDIT ridecare/views/default/index.html: 0
[2020-11-15 21:35:24] EDIT ridecare/views/default/index.html: 0
[2020-11-15 21:39:46] EDIT ridecare/models/sensor2.py: 0
[2020-11-15 21:44:35] EDIT ridecare/views/default/index.html: 0
[2020-11-15 21:48:02] EDIT ridecare/views/default/sensor1.load: 3
[2020-11-15 21:52:27] EDIT ridecare/views/default/sensor1.load: 1
[2020-11-15 21:53:28] EDIT ridecare/views/default/sensor1.load: -1
[2020-11-15 21:53:29] EDIT ridecare/views/default/sensor1.load: 0
[2020-11-15 21:53:31] EDIT ridecare/views/default/sensor1.load: 0
[2020-11-15 21:54:07] EDIT ridecare/views/default/sensor1.load: 0
[2020-11-15 21:54:24] EDIT ridecare/views/default/sensor1.load: 0
[2020-11-15 21:54:31] EDIT ridecare/views/default/sensor1.load: 0
[2020-11-15 21:54:32] EDIT ridecare/views/default/sensor1.load: 0
[2020-11-15 21:54:46] EDIT ridecare/views/default/sensor1.load: 0
[2020-11-15 21:54:50] EDIT ridecare/views/default/sensor1.load: 0
[2020-11-15 21:55:48] EDIT ridecare/views/default/sensor1.load: 0
[2020-11-15 21:55:57] EDIT ridecare/views/default/sensor1.load: 0
[2020-11-15 21:55:58] EDIT ridecare/views/default/sensor1.load: 0
[2020-11-15 21:56:48] EDIT ridecare/views/default/sensor1.load: 0
[2020-11-15 21:57:01] EDIT ridecare/views/default/sensor1.load: 0
[2020-11-15 21:57:19] EDIT ridecare/views/default/sensor1.load: 0
[2020-11-15 21:58:51] EDIT ridecare/views/default/sensor1.load: 4
[2020-11-15 21:59:11] EDIT ridecare/views/default/sensor1.load: 0
[2020-11-15 21:59:13] EDIT ridecare/views/default/sensor1.load: -1
[2020-11-15 21:59:32] EDIT ridecare/views/default/sensor1.load: 0
[2020-11-15 22:00:48] EDIT ridecare/views/default/sensor1.load: 0
[2020-11-15 22:00:50] EDIT ridecare/views/default/sensor1.load: 0
[2020-11-15 22:00:51] EDIT ridecare/views/default/sensor1.load: 0
[2020-11-15 22:00:52] EDIT ridecare/views/default/sensor1.load: 0
[2020-11-15 22:01:11] EDIT ridecare/views/default/sensor1.load: 0
[2020-11-15 22:01:19] EDIT ridecare/views/default/sensor1.load: 0
[2020-11-15 22:02:27] EDIT ridecare/views/default/sensor1.load: 0
[2020-11-15 22:02:41] EDIT ridecare/views/default/sensor1.load: 0
[2020-11-15 22:02:48] EDIT ridecare/views/default/sensor1.load: 0
[2020-11-15 22:03:39] EDIT ridecare/controllers/default.py: 0
[2020-11-15 22:03:43] EDIT ridecare/controllers/default.py: 0
[2020-11-15 22:04:35] EDIT ridecare/views/default/sensor1.load: 0
[2020-11-15 22:06:32] EDIT ridecare/views/default/sensor1.load: 1
[2020-11-15 22:06:35] EDIT ridecare/views/default/sensor1.load: 0
[2020-11-15 22:07:24] EDIT ridecare/views/default/sensor1.load: -1
[2020-11-15 22:07:53] EDIT ridecare/views/default/sensor1.load: 2
[2020-11-15 22:09:16] EDIT ridecare/views/default/sensor1.load: 0
[2020-11-15 22:09:25] EDIT ridecare/views/default/sensor1.load: 0
[2020-11-15 22:09:32] EDIT ridecare/views/default/sensor1.load: 0
[2020-11-15 22:10:51] EDIT ridecare/views/default/sensor1.load: 0
[2020-11-15 22:10:51] EDIT ridecare/views/default/sensor1.load: 0
[2020-11-15 22:15:01] EDIT ridecare/views/default/sensor1.load: 1
[2020-11-15 22:15:15] EDIT ridecare/views/default/sensor1.load: 0
[2020-11-15 22:15:24] EDIT ridecare/views/default/sensor1.load: 0
[2020-11-15 22:16:56] EDIT ridecare/views/default/sensor1.load: 0
[2020-11-15 22:16:57] EDIT ridecare/views/default/sensor1.load: 0
[2020-11-15 22:17:33] EDIT ridecare/views/default/sensor1.load: 0
[2020-11-15 22:17:46] EDIT ridecare/views/default/sensor1.load: -1
[2020-11-15 22:18:25] EDIT ridecare/views/default/sensor1.load: 0
[2020-11-15 22:21:19] EDIT ridecare/views/default/sensor1.load: 0
[2020-11-15 22:24:17] EDIT ridecare/views/default/sensor1.load: 4
[2020-11-15 22:24:30] EDIT ridecare/views/default/sensor1.load: 1
[2020-11-15 22:24:31] EDIT ridecare/views/default/sensor1.load: 0
[2020-11-15 22:24:45] EDIT ridecare/views/default/sensor1.load: 0
[2020-11-15 22:24:47] EDIT ridecare/views/default/sensor1.load: 0
[2020-11-15 22:25:34] EDIT ridecare/views/default/sensor1.load: -13
[2020-11-15 22:25:43] EDIT ridecare/views/default/index.html: 13
[2020-11-15 22:26:47] EDIT ridecare/views/default/index.html: 1
[2020-11-15 22:27:24] EDIT ridecare/views/default/index.html: 0
[2020-11-15 22:27:40] EDIT ridecare/views/default/index.html: 0
[2020-11-15 22:27:47] EDIT ridecare/views/default/index.html: 0
[2020-11-15 22:29:20] EDIT ridecare/views/default/index.html: 0
[2020-11-15 22:29:21] EDIT ridecare/views/default/index.html: 0
[2020-11-15 22:29:45] EDIT ridecare/views/default/index.html: 0
[2020-11-15 22:31:24] EDIT ridecare/views/default/index.html: -14
[2020-11-15 22:31:30] EDIT ridecare/views/default/sensor1.load: 14
[2020-11-15 22:32:01] EDIT ridecare/views/default/sensor1.load: 0
[2020-11-15 22:32:30] EDIT ridecare/views/default/sensor1.load: -1
[2020-11-15 22:37:17] EDIT ridecare/views/default/sensor1.load: 1
[2020-11-15 22:37:20] EDIT ridecare/views/default/sensor1.load: 0
[2020-11-15 22:38:19] EDIT ridecare/views/default/sensor1.load: -1
[2020-11-15 22:40:53] EDIT ridecare/views/default/sensor1.load: 0
[2020-11-15 22:43:03] EDIT ridecare/views/default/sensor1.load: 1
[2020-11-15 22:43:07] EDIT ridecare/views/default/sensor1.load: 0
[2020-11-15 22:43:08] EDIT ridecare/views/default/sensor1.load: 0
[2020-11-15 22:43:54] EDIT ridecare/views/default/sensor1.load: 1
[2020-11-15 22:45:20] EDIT ridecare/views/default/sensor1.load: 0
[2020-11-15 22:45:43] EDIT ridecare/views/default/sensor1.load: 0
[2020-11-15 22:45:44] EDIT ridecare/views/default/sensor1.load: 0
[2020-11-15 22:45:49] EDIT ridecare/views/default/sensor1.load: -15
[2020-11-15 22:45:53] EDIT ridecare/views/default/index.html: 15
[2020-11-15 22:46:29] EDIT ridecare/views/default/index.html: 1
[2020-11-15 22:51:08] EDIT ridecare/views/default/index.html: 0
[2020-11-15 22:56:18] EDIT ridecare/views/default/sensor1.load: 8
[2020-11-15 22:56:26] EDIT ridecare/views/default/sensor1.load: -1
[2020-11-15 22:56:27] EDIT ridecare/views/default/sensor1.load: 0
[2020-11-15 22:56:33] EDIT ridecare/views/default/sensor1.load: 0
[2020-11-15 22:56:42] EDIT ridecare/views/default/index.html: 0
[2020-11-15 22:57:49] EDIT ridecare/views/default/index.html: 0
[2020-11-15 22:59:11] EDIT ridecare/views/default/index.html: 0
[2020-11-15 22:59:28] EDIT ridecare/views/default/index.html: 0
[2020-11-15 22:59:29] EDIT ridecare/views/default/index.html: 0
[2020-11-15 23:02:05] EDIT ridecare/views/default/index.html: 0
[2020-11-15 23:02:16] EDIT ridecare/views/default/index.html: 0
[2020-11-15 23:03:14] EDIT ridecare/views/default/sensor1.load: 0
[2020-11-15 23:03:42] EDIT ridecare/views/default/sensor1.load: 1
[2020-11-15 23:04:23] EDIT ridecare/views/default/sensor1.load: 0
[2020-11-15 23:04:34] EDIT ridecare/views/default/index.html: 1
[2020-11-15 23:18:41] EDIT ridecare/views/default/index.html: 0
[2020-11-15 23:18:49] EDIT ridecare/views/default/index.html: 0
[2020-11-15 23:20:04] EDIT ridecare/views/default/index.html: 0
[2020-11-15 23:20:08] EDIT ridecare/views/default/index.html: 0
[2020-11-15 23:20:09] EDIT ridecare/views/default/index.html: 0
[2020-11-15 23:25:35] EDIT ridecare/controllers/default.py: 4
[2020-11-15 23:26:44] EDIT ridecare/controllers/default.py: 0
[2020-11-15 23:26:46] EDIT ridecare/controllers/default.py: 0
[2020-11-15 23:26:53] EDIT ridecare/controllers/default.py: 0
[2020-11-15 23:27:00] EDIT ridecare/controllers/default.py: 0
[2020-11-15 23:27:32] DELETE ridecare/views/default/index.load: -4
[2020-11-15 23:27:56] EDIT ridecare/views/default/sensor2.load: 8
[2020-11-15 23:28:04] EDIT ridecare/views/default/sensor2.load: 0
[2020-11-15 23:28:29] EDIT ridecare/views/default/sensor2.load: 0
[2020-11-15 23:28:35] EDIT ridecare/views/default/sensor1.load: 0
[2020-11-15 23:29:16] EDIT ridecare/controllers/default.py: 8
[2020-11-15 23:29:26] EDIT ridecare/controllers/default.py: 0
[2020-11-15 23:29:28] EDIT ridecare/controllers/default.py: 0
[2020-11-15 23:29:40] EDIT ridecare/views/default/sensor1.load: 0
[2020-11-15 23:30:35] EDIT ridecare/views/default/sensor2.load: 0
[2020-11-18 19:39:52] EDIT datalake/models/sensor1.py: 1
[2020-11-18 19:40:22] EDIT datalake/models/sensor1.py: 0
[2020-11-18 19:44:30] EDIT datalake/models/sensor1.py: 0
[2020-11-18 19:44:34] EDIT datalake/models/sensor1.py: 0
[2020-11-18 19:47:10] EDIT datalake/models/sensor2.py: 1
[2020-11-18 19:47:23] EDIT datalake/models/sensor2.py: 0
[2020-11-18 19:48:33] EDIT datalake/models/sensor2.py: 0
[2020-11-20 11:46:11] EDIT datalake/models/sensor2.py: 0
[2020-11-20 11:46:18] EDIT datalake/models/sensor1.py: 0
[2020-11-20 11:46:25] EDIT datalake/models/sensor1.py: 0
[2020-11-20 11:46:37] EDIT datalake/models/sensor2.py: 0
[2020-11-20 11:46:44] EDIT datalake/models/sensor2.py: 0
[2020-11-20 11:46:52] EDIT datalake/models/sensor1.py: 0
[2020-11-23 17:43:03] EDIT datalake/controllers/default.py: 0
[2020-11-23 17:45:54] EDIT datalake/controllers/default.py: 1
[2020-11-23 17:46:07] EDIT datalake/controllers/default.py: -1
[2020-11-23 17:47:33] EDIT datalake/controllers/default.py: 18
[2020-11-23 17:56:14] EDIT datalake/models/db.py: 1
[2020-11-23 17:56:18] EDIT datalake/models/db.py: 0
[2020-11-23 17:56:26] EDIT datalake/models/db.py: 0
[2020-11-23 17:56:30] EDIT datalake/models/db.py: 0
[2020-11-24 17:00:13] EDIT datalake/models/db.py: 0
[2020-11-24 17:00:23] EDIT datalake/models/db.py: -1
[2020-11-24 17:08:18] EDIT datalake/controllers/default.py: 10
[2020-11-24 17:09:45] EDIT datalake/controllers/default.py: 3
[2020-11-24 17:10:26] EDIT datalake/controllers/default.py: 0
[2020-11-24 17:11:15] EDIT datalake/controllers/default.py: 0
[2020-11-24 17:11:18] EDIT datalake/controllers/default.py: 0
[2020-11-24 17:13:00] EDIT datalake/controllers/default.py: 13
[2020-11-24 17:19:48] EDIT datalake/views/default/index.html: 11
[2020-11-24 17:20:12] EDIT datalake/views/default/index.html: 0
[2020-11-24 17:22:08] EDIT datalake/controllers/default.py: 6
[2020-11-24 17:22:51] EDIT datalake/views/default/index.html: 0
[2020-11-24 17:23:23] EDIT datalake/views/default/index.html: 0
[2020-11-24 17:23:39] EDIT datalake/views/default/index.html: 0
[2020-11-24 17:24:24] EDIT datalake/views/default/index.html: 1
[2020-11-24 17:24:37] EDIT datalake/views/default/index.html: 0
[2020-11-24 17:25:22] EDIT datalake/views/default/index.html: 1
[2020-11-24 17:25:38] EDIT datalake/views/default/index.html: 1
[2020-11-24 17:25:52] EDIT datalake/views/default/index.html: 2
[2020-11-24 17:26:06] EDIT datalake/views/default/index.html: 0
[2020-11-24 17:26:29] EDIT datalake/views/default/index.html: -2
[2020-11-24 17:26:52] EDIT datalake/views/default/index.html: -1
[2020-11-24 17:27:32] EDIT datalake/views/default/index.html: 1
[2020-11-24 17:27:46] EDIT datalake/views/default/sensor1.load: -1
[2020-11-24 17:27:52] EDIT datalake/views/default/sensor2.load: -1
[2020-11-24 17:28:42] EDIT datalake/views/default/index.html: -1
[2020-11-24 17:28:53] EDIT datalake/views/default/index.html: -1
[2020-11-24 17:29:52] EDIT datalake/views/default/index.html: 0
[2020-11-24 17:30:05] EDIT datalake/views/default/index.html: 0
[2020-11-24 17:30:29] EDIT datalake/views/default/index.html: 0
[2020-11-24 17:31:41] EDIT datalake/views/default/index.html: 0
[2020-11-24 17:31:43] EDIT datalake/views/default/index.html: 0
[2020-11-24 17:32:13] EDIT datalake/views/default/index.html: 0
[2020-11-24 17:57:32] EDIT datalake/views/default/index.html: 0
[2020-11-25 00:04:03] EDIT datalake/models/sensor2.py: 1
[2020-11-25 00:04:15] EDIT datalake/models/sensor2.py: 0
[2020-11-25 00:04:22] EDIT datalake/models/sensor2.py: -1
[2020-11-25 00:04:30] EDIT datalake/models/sensor2.py: 0
[2020-11-25 19:36:02] EDIT datalake/controllers/default.py: 0
[2020-11-25 19:46:53] EDIT datalake/controllers/default.py: 0
[2020-11-25 19:47:11] EDIT datalake/controllers/default.py: 0
[2020-11-25 19:47:28] EDIT datalake/controllers/default.py: 0
[2020-11-25 19:49:37] EDIT datalake/controllers/default.py: 0
[2020-11-25 19:49:49] EDIT datalake/controllers/default.py: 0
[2020-11-25 19:50:45] EDIT datalake/controllers/default.py: 0
[2020-11-25 19:53:22] EDIT datalake/models/sensor1.py: 1
[2020-11-25 19:53:32] EDIT datalake/models/sensor2.py: 1
[2020-11-25 19:56:30] EDIT datalake/controllers/default.py: 0
[2020-11-25 19:59:48] EDIT datalake/models/sensor2.py: 2
[2020-11-25 20:00:00] EDIT datalake/models/sensor2.py: -2
[2020-11-27 22:24:45] EDIT datalake/models/sensor1.py: 0
[2020-11-27 22:24:53] CREATE sensors.py: 0
[2020-11-27 22:25:43] EDIT datalake/models/sensors.py: 17
[2020-11-27 22:25:45] EDIT datalake/models/sensors.py: 0
[2020-11-27 22:25:50] EDIT datalake/models/sensors.py: 0
[2020-11-27 22:25:55] EDIT datalake/models/sensors.py: 0
[2020-11-27 22:29:45] EDIT datalake/models/sensors.py: 4
[2020-11-27 22:30:02] EDIT datalake/models/sensors.py: -4
[2020-11-27 22:30:04] EDIT datalake/models/sensors.py: 0
[2020-11-27 22:30:19] CREATE default/sensors.load: 0
[2020-11-27 22:30:35] EDIT datalake/views/default/sensors.load: -9
[2020-11-27 22:30:45] EDIT datalake/views/default/sensors.load: 0
[2020-11-27 22:31:23] EDIT datalake/controllers/default.py: 3
[2020-11-27 22:31:56] EDIT datalake/controllers/default.py: 1
[2020-11-27 22:32:26] EDIT datalake/views/default/index.html: 2
[2020-11-27 22:34:01] EDIT datalake/models/sensors.py: 5
[2020-11-27 22:34:27] EDIT datalake/models/sensors.py: 0
[2020-11-27 22:37:28] EDIT datalake/models/sensors.py: 5
[2020-11-27 22:38:24] EDIT datalake/models/sensors.py: 1
[2020-11-27 22:39:54] EDIT datalake/models/sensors.py: 1
[2020-11-27 22:40:03] EDIT datalake/models/sensors.py: -1
[2020-11-27 22:40:20] EDIT datalake/models/sensors.py: -2
[2020-11-27 22:40:31] EDIT datalake/models/sensors.py: 2
[2020-11-27 22:44:34] CREATE commands.py: 0
[2020-11-27 22:44:47] DELETE datalake/models/commands.py: 0
[2020-11-27 22:44:59] CREATE zCommands.py: 0
[2020-11-27 22:45:14] EDIT datalake/models/zCommands.py: 12
[2020-11-27 22:45:39] EDIT datalake/models/sensors.py: -11
[2020-11-27 22:45:47] EDIT datalake/models/sensor2.py: 0
[2020-11-27 22:45:54] EDIT datalake/models/zCommands.py: -1
[2020-11-27 22:46:04] EDIT datalake/models/zCommands.py: -2
[2020-11-27 22:46:22] EDIT datalake/models/zCommands.py: 2
[2020-11-27 22:46:45] EDIT datalake/models/zCommands.py: 1
[2020-11-27 22:46:51] EDIT datalake/models/zCommands.py: -1
[2020-11-27 22:47:52] EDIT datalake/models/zCommands.py: -1
[2020-11-27 22:48:02] EDIT datalake/models/zCommands.py: 2
[2020-11-27 22:49:43] EDIT datalake/views/default/index.html: 0
[2020-11-27 22:51:35] EDIT datalake/views/default/index.html: -5
[2020-11-27 22:53:10] EDIT datalake/controllers/default.py: -4
[2020-11-27 22:56:48] EDIT datalake/controllers/default.py: 22
[2020-11-27 22:56:52] EDIT datalake/controllers/default.py: -5
[2020-11-27 22:57:05] EDIT datalake/controllers/default.py: 0
[2020-11-27 22:58:50] EDIT datalake/controllers/default.py: 1
[2020-11-27 22:58:56] EDIT datalake/controllers/default.py: 0
[2020-11-27 22:59:32] EDIT datalake/views/default/index.html: -2
[2020-11-27 23:00:54] EDIT datalake/controllers/default.py: 0
[2020-11-27 23:01:14] EDIT datalake/controllers/default.py: 0
[2020-11-27 23:02:26] EDIT datalake/controllers/default.py: 0
[2020-11-27 23:02:35] EDIT datalake/views/default/index.html: 0
[2020-11-27 23:02:46] CREATE default/sensor.load: 0
[2020-11-27 23:02:56] EDIT datalake/views/default/sensor.load: 0
[2020-11-27 23:02:58] EDIT datalake/views/default/sensor.load: -9
[2020-11-27 23:03:06] DELETE datalake/views/default/sensors.load: -11
[2020-11-30 20:52:08] EDIT datalake/controllers/default.py: 1
[2020-11-30 20:58:36] EDIT datalake/controllers/default.py: 0
[2020-11-30 20:58:50] EDIT datalake/controllers/default.py: 0
[2020-11-30 20:59:30] EDIT datalake/controllers/default.py: 0
[2020-11-30 21:00:34] EDIT datalake/controllers/default.py: 0
[2020-11-30 21:00:46] EDIT datalake/controllers/default.py: 0
[2020-11-30 21:01:09] EDIT datalake/controllers/default.py: 0
[2020-11-30 21:08:08] EDIT datalake/controllers/default.py: 0
[2020-11-30 21:42:22] EDIT datalake/controllers/default.py: 0
[2020-11-30 21:42:26] EDIT datalake/controllers/default.py: 0
[2020-11-30 21:44:05] EDIT datalake/controllers/default.py: 0
[2020-12-02 18:09:05] EDIT datalake/controllers/default.py: 1
[2020-12-02 18:09:06] EDIT datalake/controllers/default.py: 0
[2020-12-12 23:41:28] EDIT datalake/views/default/index.html: -8
[2020-12-12 23:41:41] EDIT datalake/views/default/index.html: 0
[2020-12-12 23:41:42] EDIT datalake/views/default/index.html: 0
[2020-12-13 15:41:35] EDIT datalake/views/default/index.html: 0
[2020-12-13 16:23:26] EDIT datalake/models/zCommands.py: 1
[2020-12-13 16:23:37] EDIT datalake/models/zCommands.py: -1
[2020-12-13 16:39:13] EDIT datalake/views/default/index.html: 2
[2020-12-13 16:39:40] EDIT datalake/views/default/index.html: 1
[2020-12-13 16:40:11] EDIT datalake/views/default/index.html: 0
[2020-12-13 16:40:13] EDIT datalake/views/default/index.html: 0
[2020-12-13 16:40:18] EDIT datalake/views/default/index.html: 0
[2020-12-13 16:40:19] EDIT datalake/views/default/index.html: 0
[2020-12-13 16:43:47] EDIT datalake/controllers/default.py: 3
[2020-12-13 16:43:49] EDIT datalake/controllers/default.py: 0
[2020-12-13 16:43:56] EDIT datalake/controllers/default.py: 0
[2020-12-13 16:43:56] EDIT datalake/controllers/default.py: 0
[2020-12-13 16:44:34] EDIT datalake/controllers/default.py: 0
[2020-12-13 16:44:42] EDIT datalake/controllers/default.py: 1
[2020-12-13 16:46:08] EDIT datalake/controllers/default.py: 0
[2020-12-13 16:46:17] EDIT datalake/controllers/default.py: 0
[2020-12-13 16:46:21] EDIT datalake/controllers/default.py: 0
[2020-12-13 16:47:06] EDIT datalake/controllers/default.py: 1
[2020-12-13 16:47:07] EDIT datalake/controllers/default.py: 0
[2020-12-13 16:47:59] EDIT datalake/controllers/default.py: 1
[2020-12-13 16:48:01] EDIT datalake/controllers/default.py: 0
[2020-12-13 16:48:20] EDIT datalake/controllers/default.py: 0
[2020-12-13 16:49:11] EDIT datalake/views/default/index.html: 0
[2020-12-13 16:49:12] EDIT datalake/views/default/index.html: 0
[2020-12-13 16:49:13] EDIT datalake/views/default/index.html: 0
[2020-12-13 16:49:58] EDIT datalake/views/default/index.html: 0
[2020-12-13 16:51:17] EDIT datalake/views/default/index.html: 0
[2020-12-13 16:51:29] EDIT datalake/controllers/default.py: 0
[2020-12-13 16:52:32] EDIT datalake/controllers/default.py: 0
[2020-12-13 16:52:46] EDIT datalake/controllers/default.py: 1
[2020-12-13 16:52:46] EDIT datalake/controllers/default.py: 0
[2020-12-13 16:52:56] EDIT datalake/views/default/index.html: 0
[2020-12-13 16:53:11] EDIT datalake/controllers/default.py: 0
[2020-12-13 16:53:33] EDIT datalake/controllers/default.py: 0
[2020-12-13 16:54:20] EDIT datalake/controllers/default.py: 0
[2020-12-13 16:54:40] EDIT datalake/controllers/default.py: 0
[2020-12-13 16:56:03] EDIT datalake/controllers/default.py: 1
[2020-12-13 16:56:26] EDIT datalake/controllers/default.py: 0
[2020-12-13 16:57:01] EDIT datalake/controllers/default.py: 1
[2020-12-13 17:00:14] EDIT datalake/controllers/default.py: 2
[2020-12-13 17:00:31] EDIT datalake/controllers/default.py: 0
[2020-12-13 17:01:17] EDIT datalake/controllers/default.py: 1
[2020-12-13 17:01:33] EDIT datalake/controllers/default.py: 2
[2020-12-13 17:01:37] EDIT datalake/controllers/default.py: 0
[2020-12-13 17:01:49] EDIT datalake/controllers/default.py: 0
[2020-12-13 17:02:55] EDIT datalake/controllers/default.py: 0
[2020-12-13 17:03:07] EDIT datalake/controllers/default.py: 0
[2020-12-13 17:05:04] EDIT datalake/controllers/default.py: 1
[2020-12-13 17:05:16] EDIT datalake/controllers/default.py: 0
[2020-12-13 17:05:28] EDIT datalake/controllers/default.py: 0
[2020-12-13 17:05:44] EDIT datalake/controllers/default.py: 0
[2020-12-13 17:06:33] EDIT datalake/controllers/default.py: 1
[2020-12-13 17:06:52] EDIT datalake/controllers/default.py: 0
[2020-12-13 17:07:20] EDIT datalake/controllers/default.py: 0
[2020-12-13 17:07:30] EDIT datalake/controllers/default.py: 0
[2020-12-13 17:07:34] EDIT datalake/controllers/default.py: 0
[2020-12-13 17:08:00] EDIT datalake/controllers/default.py: -1
[2020-12-13 17:08:35] EDIT datalake/controllers/default.py: 0
[2020-12-13 17:08:56] EDIT datalake/controllers/default.py: 0
[2020-12-13 17:09:14] EDIT datalake/controllers/default.py: 3
[2020-12-13 17:09:28] EDIT datalake/controllers/default.py: 0
[2020-12-13 17:09:32] EDIT datalake/controllers/default.py: 0
[2020-12-13 17:09:40] EDIT datalake/controllers/default.py: 0
[2020-12-13 17:12:11] EDIT datalake/views/default/index.html: 0
[2020-12-13 17:12:39] EDIT datalake/views/default/index.html: 0
[2020-12-13 17:12:52] EDIT datalake/controllers/default.py: 0
[2020-12-13 17:12:55] EDIT datalake/controllers/default.py: 0
[2020-12-13 17:12:57] EDIT datalake/controllers/default.py: -1
[2020-12-13 17:14:53] EDIT datalake/controllers/default.py: 2
[2020-12-13 17:17:29] EDIT datalake/views/default/index.html: 1
[2020-12-13 17:20:01] EDIT datalake/views/default/index.html: 0
[2020-12-13 17:22:18] EDIT datalake/controllers/default.py: 4
[2020-12-13 17:23:14] EDIT datalake/controllers/default.py: 4
[2020-12-13 17:23:33] EDIT datalake/controllers/default.py: 0
[2020-12-13 17:24:27] EDIT datalake/views/default/index.html: 0
[2020-12-13 17:24:30] EDIT datalake/views/default/index.html: 0
[2020-12-13 17:25:16] EDIT datalake/controllers/default.py: 0
[2020-12-13 17:25:43] EDIT datalake/controllers/default.py: 1
[2020-12-13 17:26:12] EDIT datalake/controllers/default.py: 1
[2020-12-13 17:26:31] EDIT datalake/controllers/default.py: -1
[2020-12-13 17:26:58] EDIT datalake/views/default/index.html: 0
[2020-12-13 17:26:59] EDIT datalake/views/default/index.html: 0
[2020-12-13 17:27:26] EDIT datalake/controllers/default.py: 0
[2020-12-13 17:28:12] EDIT datalake/views/default/index.html: 0
[2020-12-13 17:33:57] EDIT datalake/controllers/default.py: 2
[2020-12-13 17:34:41] EDIT datalake/views/default/index.html: 0
[2020-12-18 00:24:49] CREATE raspberries.py: 0
[2020-12-18 00:27:04] EDIT datalake/models/raspberries.py: 5
[2020-12-18 00:27:21] EDIT datalake/models/raspberries.py: 0
[2020-12-18 00:29:15] EDIT datalake/views/default/index.html: 1
[2020-12-18 00:29:52] EDIT datalake/controllers/default.py: 11
[2020-12-18 00:30:26] EDIT datalake/controllers/default.py: 0
[2020-12-18 00:30:31] EDIT datalake/views/default/index.html: 0
[2020-12-18 00:32:29] EDIT datalake/views/default/index.html: 5
[2020-12-18 00:32:52] EDIT datalake/views/default/index.html: -1
[2020-12-18 00:35:45] EDIT datalake/controllers/default.py: 0
[2020-12-18 00:39:55] EDIT datalake/controllers/default.py: 0
[2020-12-18 00:39:59] EDIT datalake/controllers/default.py: 0
[2020-12-22 16:45:16] EDIT datalake/models/sensor2.py: 2
[2020-12-22 16:47:08] EDIT datalake/controllers/default.py: 4
[2020-12-22 16:47:26] EDIT datalake/controllers/default.py: 0
[2020-12-22 16:47:49] EDIT datalake/models/raspberries.py: 0
[2020-12-22 16:47:57] EDIT datalake/models/raspberries.py: 0
[2020-12-22 16:49:56] EDIT datalake/views/default/index.html: 3
[2020-12-22 16:50:15] EDIT datalake/views/default/index.html: 0
[2020-12-22 16:50:18] EDIT datalake/views/default/index.html: 0
[2020-12-22 16:51:08] EDIT datalake/views/default/index.html: 2
[2020-12-22 16:51:17] EDIT datalake/views/default/index.html: 0
[2020-12-22 16:52:19] EDIT datalake/views/default/index.html: 0
[2020-12-22 16:53:09] EDIT datalake/views/default/index.html: 0
[2020-12-22 16:53:16] EDIT datalake/controllers/default.py: 0
[2020-12-22 16:53:42] EDIT datalake/controllers/default.py: 3
[2020-12-22 16:53:44] EDIT datalake/controllers/default.py: 0
[2020-12-22 16:53:58] CREATE default/reboot.html: 0
[2020-12-22 16:54:26] EDIT datalake/views/default/reboot.html: 8
[2020-12-22 16:54:34] EDIT datalake/views/default/reboot.html: 0
[2020-12-22 16:54:35] EDIT datalake/views/default/reboot.html: 0
[2020-12-22 16:54:38] EDIT datalake/views/default/reboot.html: 0
[2020-12-22 16:54:39] EDIT datalake/views/default/reboot.html: 0
[2020-12-22 16:54:41] EDIT datalake/views/default/reboot.html: 0
[2020-12-22 16:55:08] EDIT datalake/views/default/reboot.html: 0
[2020-12-22 16:55:15] EDIT datalake/views/default/reboot.html: 0
[2020-12-22 16:55:35] EDIT datalake/controllers/default.py: 4
[2020-12-22 16:55:55] EDIT datalake/controllers/default.py: 0
[2020-12-22 16:55:57] EDIT datalake/controllers/default.py: 0
[2020-12-22 16:56:13] EDIT datalake/views/default/index.html: 0
[2020-12-22 16:56:29] EDIT datalake/views/default/index.html: 0
[2020-12-22 16:57:08] CREATE default/bootings.html: 0
[2020-12-22 16:57:26] EDIT datalake/views/default/bootings.html: 8
[2020-12-22 16:57:33] DELETE datalake/views/default/reboot.html: -11
[2020-12-22 16:58:59] EDIT datalake/views/default/index.html: 0
[2020-12-22 16:59:34] EDIT datalake/controllers/default.py: 0
[2020-12-22 17:00:21] CREATE default/bootings.load: 0
[2020-12-22 17:00:33] EDIT datalake/views/default/bootings.load: -9
[2020-12-22 17:00:39] DELETE datalake/views/default/bootings.html: -11
[2020-12-22 17:08:00] EDIT datalake/controllers/default.py: 0
[2020-12-22 17:08:07] EDIT datalake/controllers/default.py: 0
[2020-12-22 17:08:08] EDIT datalake/controllers/default.py: 0
[2020-12-22 17:08:28] EDIT datalake/controllers/default.py: -2
[2020-12-22 17:10:55] EDIT datalake/controllers/default.py: 0
[2020-12-22 17:34:21] EDIT datalake/controllers/default.py: 4
[2020-12-22 17:34:37] EDIT datalake/controllers/default.py: 1
[2020-12-22 17:35:48] EDIT datalake/controllers/default.py: 2
[2020-12-22 17:37:00] EDIT datalake/views/default/index.html: 2
[2020-12-22 17:37:17] EDIT datalake/views/default/index.html: 0
[2021-01-04 14:29:26] EDIT datalake_f/models/sensors.py: 0
[2021-01-04 14:31:14] EDIT datalake_f/controllers/default.py: -2
